1584200404470	mozrunner::runner	INFO	Running command: "/Applications/Firefox.app/Contents/MacOS/firefox-bin" "-marionette" "-headless" "-foreground" "-no-remote" "-profile" "/var/folders/ks/h8sfstk57ps3yhykcjlhhmlr0000gn/T/rust_mozprofilehEH3dp"
*** You are running in headless mode.
1584200405254	addons.webextension.doh-rollout@mozilla.org	WARN	Loading extension 'doh-rollout@mozilla.org': Reading manifest: Invalid extension permission: networkStatus
1584200405523	addons.webextension.screenshots@mozilla.org	WARN	Loading extension 'screenshots@mozilla.org': Reading manifest: Invalid extension permission: mozillaAddons
1584200405523	addons.webextension.screenshots@mozilla.org	WARN	Loading extension 'screenshots@mozilla.org': Reading manifest: Invalid extension permission: telemetry
1584200405523	addons.webextension.screenshots@mozilla.org	WARN	Loading extension 'screenshots@mozilla.org': Reading manifest: Invalid extension permission: resource://pdf.js/
1584200405523	addons.webextension.screenshots@mozilla.org	WARN	Loading extension 'screenshots@mozilla.org': Reading manifest: Invalid extension permission: about:reader*
1584200407651	Marionette	INFO	Listening on port 63101
1584200407743	Marionette	WARN	TLS certificate errors will be ignored for this session
1584200407842	Marionette	INFO	Stopped listening on port 63101
1584200489983	mozrunner::runner	INFO	Running command: "/Applications/Firefox.app/Contents/MacOS/firefox-bin" "-marionette" "-headless" "-foreground" "-no-remote" "-profile" "/var/folders/ks/h8sfstk57ps3yhykcjlhhmlr0000gn/T/rust_mozprofileADHnK7"
*** You are running in headless mode.
1584200490397	addons.webextension.doh-rollout@mozilla.org	WARN	Loading extension 'doh-rollout@mozilla.org': Reading manifest: Invalid extension permission: networkStatus
1584200490664	addons.webextension.screenshots@mozilla.org	WARN	Loading extension 'screenshots@mozilla.org': Reading manifest: Invalid extension permission: mozillaAddons
1584200490664	addons.webextension.screenshots@mozilla.org	WARN	Loading extension 'screenshots@mozilla.org': Reading manifest: Invalid extension permission: telemetry
1584200490665	addons.webextension.screenshots@mozilla.org	WARN	Loading extension 'screenshots@mozilla.org': Reading manifest: Invalid extension permission: resource://pdf.js/
1584200490665	addons.webextension.screenshots@mozilla.org	WARN	Loading extension 'screenshots@mozilla.org': Reading manifest: Invalid extension permission: about:reader*
1584200492417	Marionette	INFO	Listening on port 63174
1584200492440	Marionette	WARN	TLS certificate errors will be ignored for this session
JavaScript error: resource:///actors/ContentMetaChild.jsm, line 167: InvalidStateError: An attempt was made to use an object that is not, or is no longer, usable
JavaScript error: resource:///actors/ContentMetaChild.jsm, line 167: InvalidStateError: An attempt was made to use an object that is not, or is no longer, usable
JavaScript error: resource:///actors/ContentMetaChild.jsm, line 167: InvalidStateError: An attempt was made to use an object that is not, or is no longer, usable
JavaScript error: resource:///actors/ContentMetaChild.jsm, line 167: InvalidStateError: An attempt was made to use an object that is not, or is no longer, usable
1584200511301	Marionette	INFO	Stopped listening on port 63174
Exiting due to channel error.
1584200519291	mozrunner::runner	INFO	Running command: "/Applications/Firefox.app/Contents/MacOS/firefox-bin" "-marionette" "-headless" "-foreground" "-no-remote" "-profile" "/var/folders/ks/h8sfstk57ps3yhykcjlhhmlr0000gn/T/rust_mozprofileaMPlrB"
*** You are running in headless mode.
1584200519738	addons.webextension.doh-rollout@mozilla.org	WARN	Loading extension 'doh-rollout@mozilla.org': Reading manifest: Invalid extension permission: networkStatus
1584200520035	addons.webextension.screenshots@mozilla.org	WARN	Loading extension 'screenshots@mozilla.org': Reading manifest: Invalid extension permission: mozillaAddons
1584200520035	addons.webextension.screenshots@mozilla.org	WARN	Loading extension 'screenshots@mozilla.org': Reading manifest: Invalid extension permission: telemetry
1584200520036	addons.webextension.screenshots@mozilla.org	WARN	Loading extension 'screenshots@mozilla.org': Reading manifest: Invalid extension permission: resource://pdf.js/
1584200520036	addons.webextension.screenshots@mozilla.org	WARN	Loading extension 'screenshots@mozilla.org': Reading manifest: Invalid extension permission: about:reader*
1584200521523	Marionette	INFO	Listening on port 63292
1584200521624	Marionette	WARN	TLS certificate errors will be ignored for this session
JavaScript error: resource:///actors/ContentMetaChild.jsm, line 167: InvalidStateError: An attempt was made to use an object that is not, or is no longer, usable
JavaScript error: resource:///actors/ContentMetaChild.jsm, line 167: InvalidStateError: An attempt was made to use an object that is not, or is no longer, usable
JavaScript error: resource:///actors/ContentMetaChild.jsm, line 167: InvalidStateError: An attempt was made to use an object that is not, or is no longer, usable
JavaScript error: resource:///actors/ContentMetaChild.jsm, line 167: InvalidStateError: An attempt was made to use an object that is not, or is no longer, usable
1584200541774	Marionette	INFO	Stopped listening on port 63292
JavaScript error: resource:///actors/ContentMetaChild.jsm, line 167: InvalidStateError: An attempt was made to use an object that is not, or is no longer, usable
IPDL protocol error: Handler returned error code!

###!!! [Parent][DispatchAsyncMessage] Error: PLayerTransaction::Msg_ReleaseLayer Processing error: message was deserialized, but the handler returned false (indicating failure)

IPDL protocol error: Handler returned error code!

###!!! [Parent][DispatchAsyncMessage] Error: PLayerTransaction::Msg_ReleaseLayer Processing error: message was deserialized, but the handler returned false (indicating failure)

IPDL protocol error: Handler returned error code!

###!!! [Parent][DispatchAsyncMessage] Error: PLayerTransaction::Msg_ReleaseLayer Processing error: message was deserialized, but the handler returned false (indicating failure)

IPDL protocol error: Handler returned error code!

###!!! [Parent][DispatchAsyncMessage] Error: PLayerTransaction::Msg_ReleaseLayer Processing error: message was deserialized, but the handler returned false (indicating failure)

IPDL protocol error: Handler returned error code!

###!!! [Parent][DispatchAsyncMessage] Error: PLayerTransaction::Msg_ReleaseLayer Processing error: message was deserialized, but the handler returned false (indicating failure)

IPDL protocol error: Handler returned error code!

###!!! [Parent][DispatchAsyncMessage] Error: PLayerTransaction::Msg_ReleaseLayer Processing error: message was deserialized, but the handler returned false (indicating failure)

IPDL protocol error: Handler returned error code!

###!!! [Parent][DispatchAsyncMessage] Error: PLayerTransaction::Msg_ReleaseLayer Processing error: message was deserialized, but the handler returned false (indicating failure)

IPDL protocol error: Handler returned error code!

###!!! [Parent][DispatchAsyncMessage] Error: PLayerTransaction::Msg_ReleaseLayer Processing error: message was deserialized, but the handler returned false (indicating failure)

IPDL protocol error: Handler returned error code!

###!!! [Parent][DispatchAsyncMessage] Error: PLayerTransaction::Msg_ReleaseLayer Processing error: message was deserialized, but the handler returned false (indicating failure)

IPDL protocol error: Handler returned error code!

###!!! [Parent][DispatchAsyncMessage] Error: PLayerTransaction::Msg_ReleaseLayer Processing error: message was deserialized, but the handler returned false (indicating failure)

IPDL protocol error: Handler returned error code!

###!!! [Parent][DispatchAsyncMessage] Error: PLayerTransaction::Msg_ReleaseLayer Processing error: message was deserialized, but the handler returned false (indicating failure)

IPDL protocol error: Handler returned error code!

###!!! [Parent][DispatchAsyncMessage] Error: PLayerTransaction::Msg_ReleaseLayer Processing error: message was deserialized, but the handler returned false (indicating failure)

IPDL protocol error: Handler returned error code!

###!!! [Parent][DispatchAsyncMessage] Error: PLayerTransaction::Msg_ReleaseLayer Processing error: message was deserialized, but the handler returned false (indicating failure)

IPDL protocol error: Handler returned error code!

###!!! [Parent][DispatchAsyncMessage] Error: PLayerTransaction::Msg_ReleaseLayer Processing error: message was deserialized, but the handler returned false (indicating failure)

IPDL protocol error: Handler returned error code!

###!!! [Parent][DispatchAsyncMessage] Error: PLayerTransaction::Msg_ReleaseLayer Processing error: message was deserialized, but the handler returned false (indicating failure)

[GFX1-]: Receive IPC close with reason=AbnormalShutdown
Exiting due to channel error.
1584200550379	mozrunner::runner	INFO	Running command: "/Applications/Firefox.app/Contents/MacOS/firefox-bin" "-marionette" "-headless" "-foreground" "-no-remote" "-profile" "/var/folders/ks/h8sfstk57ps3yhykcjlhhmlr0000gn/T/rust_mozprofilezNC6Re"
*** You are running in headless mode.
1584200550986	addons.webextension.doh-rollout@mozilla.org	WARN	Loading extension 'doh-rollout@mozilla.org': Reading manifest: Invalid extension permission: networkStatus
1584200551257	addons.webextension.screenshots@mozilla.org	WARN	Loading extension 'screenshots@mozilla.org': Reading manifest: Invalid extension permission: mozillaAddons
1584200551264	addons.webextension.screenshots@mozilla.org	WARN	Loading extension 'screenshots@mozilla.org': Reading manifest: Invalid extension permission: telemetry
1584200551265	addons.webextension.screenshots@mozilla.org	WARN	Loading extension 'screenshots@mozilla.org': Reading manifest: Invalid extension permission: resource://pdf.js/
1584200551265	addons.webextension.screenshots@mozilla.org	WARN	Loading extension 'screenshots@mozilla.org': Reading manifest: Invalid extension permission: about:reader*
1584200552821	Marionette	INFO	Listening on port 63427
1584200552838	Marionette	WARN	TLS certificate errors will be ignored for this session
JavaScript error: , line 0: uncaught exception: undefined
JavaScript error: resource:///actors/ContentMetaChild.jsm, line 167: InvalidStateError: An attempt was made to use an object that is not, or is no longer, usable
JavaScript error: , line 0: uncaught exception: 7
JavaScript error: , line 0: uncaught exception: 7
JavaScript error: resource:///actors/ContentMetaChild.jsm, line 167: InvalidStateError: An attempt was made to use an object that is not, or is no longer, usable
[GFX1-]: Receive IPC close with reason=AbnormalShutdown
Exiting due to channel error.
[GFX1-]: Receive IPC close with reason=AbnormalShutdown
Exiting due to channel error.
[GFX1-]: Receive IPC close with reason=AbnormalShutdown
Exiting due to channel error.
1584200688695	mozrunner::runner	INFO	Running command: "/Applications/Firefox.app/Contents/MacOS/firefox-bin" "-marionette" "-headless" "-foreground" "-no-remote" "-profile" "/var/folders/ks/h8sfstk57ps3yhykcjlhhmlr0000gn/T/rust_mozprofileNvLeki"
*** You are running in headless mode.
1584200689376	addons.webextension.doh-rollout@mozilla.org	WARN	Loading extension 'doh-rollout@mozilla.org': Reading manifest: Invalid extension permission: networkStatus
1584200689707	addons.webextension.screenshots@mozilla.org	WARN	Loading extension 'screenshots@mozilla.org': Reading manifest: Invalid extension permission: mozillaAddons
1584200689707	addons.webextension.screenshots@mozilla.org	WARN	Loading extension 'screenshots@mozilla.org': Reading manifest: Invalid extension permission: telemetry
1584200689707	addons.webextension.screenshots@mozilla.org	WARN	Loading extension 'screenshots@mozilla.org': Reading manifest: Invalid extension permission: resource://pdf.js/
1584200689708	addons.webextension.screenshots@mozilla.org	WARN	Loading extension 'screenshots@mozilla.org': Reading manifest: Invalid extension permission: about:reader*
1584200691665	Marionette	INFO	Listening on port 49243
1584200691748	Marionette	WARN	TLS certificate errors will be ignored for this session
JavaScript error: , line 0: TypeError: NetworkError when attempting to fetch resource.
JavaScript error: , line 0: TypeError: NetworkError when attempting to fetch resource.
JavaScript error: , line 0: TypeError: NetworkError when attempting to fetch resource.
JavaScript error: , line 0: TypeError: NetworkError when attempting to fetch resource.
JavaScript error: resource:///actors/ContentMetaChild.jsm, line 167: InvalidStateError: An attempt was made to use an object that is not, or is no longer, usable
JavaScript error: , line 0: TypeError: NetworkError when attempting to fetch resource.
JavaScript error: resource:///actors/ContentMetaChild.jsm, line 167: InvalidStateError: An attempt was made to use an object that is not, or is no longer, usable
JavaScript error: , line 0: TypeError: NetworkError when attempting to fetch resource.
JavaScript error: , line 0: TypeError: NetworkError when attempting to fetch resource.
JavaScript error: resource:///actors/ContentMetaChild.jsm, line 167: InvalidStateError: An attempt was made to use an object that is not, or is no longer, usable
Exiting due to channel error.
[GFX1-]: Receive IPC close with reason=AbnormalShutdown
Exiting due to channel error.
Exiting due to channel error.
1584200785177	mozrunner::runner	INFO	Running command: "/Applications/Firefox.app/Contents/MacOS/firefox-bin" "-marionette" "-headless" "-foreground" "-no-remote" "-profile" "/var/folders/ks/h8sfstk57ps3yhykcjlhhmlr0000gn/T/rust_mozprofilef6tI7t"
*** You are running in headless mode.
1584200785489	addons.webextension.doh-rollout@mozilla.org	WARN	Loading extension 'doh-rollout@mozilla.org': Reading manifest: Invalid extension permission: networkStatus
1584200785733	addons.webextension.screenshots@mozilla.org	WARN	Loading extension 'screenshots@mozilla.org': Reading manifest: Invalid extension permission: mozillaAddons
1584200785734	addons.webextension.screenshots@mozilla.org	WARN	Loading extension 'screenshots@mozilla.org': Reading manifest: Invalid extension permission: telemetry
1584200785734	addons.webextension.screenshots@mozilla.org	WARN	Loading extension 'screenshots@mozilla.org': Reading manifest: Invalid extension permission: resource://pdf.js/
1584200785734	addons.webextension.screenshots@mozilla.org	WARN	Loading extension 'screenshots@mozilla.org': Reading manifest: Invalid extension permission: about:reader*
1584200787172	Marionette	INFO	Listening on port 49452
1584200787226	Marionette	WARN	TLS certificate errors will be ignored for this session
JavaScript error: https://cdn.ampproject.org/rtv/012002251816300/v0/amp-analytics-0.1.js, line 109: NS_ERROR_NOT_INITIALIZED: 
JavaScript error: https://cdn.ampproject.org/rtv/012002251816300/v0/amp-analytics-0.1.js, line 109: NS_ERROR_NOT_INITIALIZED: 
JavaScript error: resource:///actors/ContentMetaChild.jsm, line 167: InvalidStateError: An attempt was made to use an object that is not, or is no longer, usable
JavaScript error: resource:///actors/ContentMetaChild.jsm, line 167: InvalidStateError: An attempt was made to use an object that is not, or is no longer, usable
JavaScript error: resource:///actors/ContentMetaChild.jsm, line 167: InvalidStateError: An attempt was made to use an object that is not, or is no longer, usable
JavaScript error: resource:///actors/ContentMetaChild.jsm, line 167: InvalidStateError: An attempt was made to use an object that is not, or is no longer, usable
JavaScript error: resource:///actors/ContentMetaChild.jsm, line 167: InvalidStateError: An attempt was made to use an object that is not, or is no longer, usable
JavaScript error: resource:///actors/ContentMetaChild.jsm, line 167: InvalidStateError: An attempt was made to use an object that is not, or is no longer, usable
1584200802185	Marionette	INFO	Stopped listening on port 49452
1584200804979	mozrunner::runner	INFO	Running command: "/Applications/Firefox.app/Contents/MacOS/firefox-bin" "-marionette" "-foreground" "-no-remote" "-profile" "/var/folders/ks/h8sfstk57ps3yhykcjlhhmlr0000gn/T/rust_mozprofile3UtX0s"
1584200805430	addons.webextension.doh-rollout@mozilla.org	WARN	Loading extension 'doh-rollout@mozilla.org': Reading manifest: Invalid extension permission: networkStatus
1584200805690	addons.webextension.screenshots@mozilla.org	WARN	Loading extension 'screenshots@mozilla.org': Reading manifest: Invalid extension permission: mozillaAddons
1584200805690	addons.webextension.screenshots@mozilla.org	WARN	Loading extension 'screenshots@mozilla.org': Reading manifest: Invalid extension permission: telemetry
1584200805690	addons.webextension.screenshots@mozilla.org	WARN	Loading extension 'screenshots@mozilla.org': Reading manifest: Invalid extension permission: resource://pdf.js/
1584200805690	addons.webextension.screenshots@mozilla.org	WARN	Loading extension 'screenshots@mozilla.org': Reading manifest: Invalid extension permission: about:reader*
1584200807494	Marionette	INFO	Listening on port 49568
1584200807536	Marionette	WARN	TLS certificate errors will be ignored for this session
JavaScript error: https://tmssl.akamaized.net//js/ldWidget.js?lm=1583503286, line 8: ReferenceError: onlyMobile is not defined
Exiting due to channel error.
1584200847313	mozrunner::runner	INFO	Running command: "/Applications/Firefox.app/Contents/MacOS/firefox-bin" "-marionette" "-headless" "-foreground" "-no-remote" "-profile" "/var/folders/ks/h8sfstk57ps3yhykcjlhhmlr0000gn/T/rust_mozprofile7a6xc3"
*** You are running in headless mode.
1584200847631	addons.webextension.doh-rollout@mozilla.org	WARN	Loading extension 'doh-rollout@mozilla.org': Reading manifest: Invalid extension permission: networkStatus
1584200847889	addons.webextension.screenshots@mozilla.org	WARN	Loading extension 'screenshots@mozilla.org': Reading manifest: Invalid extension permission: mozillaAddons
1584200847889	addons.webextension.screenshots@mozilla.org	WARN	Loading extension 'screenshots@mozilla.org': Reading manifest: Invalid extension permission: telemetry
1584200847889	addons.webextension.screenshots@mozilla.org	WARN	Loading extension 'screenshots@mozilla.org': Reading manifest: Invalid extension permission: resource://pdf.js/
1584200847889	addons.webextension.screenshots@mozilla.org	WARN	Loading extension 'screenshots@mozilla.org': Reading manifest: Invalid extension permission: about:reader*
1584200849563	Marionette	INFO	Listening on port 49647
1584200849680	Marionette	WARN	TLS certificate errors will be ignored for this session
JavaScript error: resource:///actors/ContentMetaChild.jsm, line 167: InvalidStateError: An attempt was made to use an object that is not, or is no longer, usable
JavaScript error: , line 0: uncaught exception: undefined
JavaScript error: resource:///actors/ContentMetaChild.jsm, line 167: InvalidStateError: An attempt was made to use an object that is not, or is no longer, usable
JavaScript error: resource:///actors/ContentMetaChild.jsm, line 167: InvalidStateError: An attempt was made to use an object that is not, or is no longer, usable
JavaScript error: resource:///actors/ContentMetaChild.jsm, line 167: InvalidStateError: An attempt was made to use an object that is not, or is no longer, usable
1584200861238	Marionette	INFO	Stopped listening on port 49647
1584200865968	mozrunner::runner	INFO	Running command: "/Applications/Firefox.app/Contents/MacOS/firefox-bin" "-marionette" "-foreground" "-no-remote" "-profile" "/var/folders/ks/h8sfstk57ps3yhykcjlhhmlr0000gn/T/rust_mozprofilesyy1m5"
1584200866319	addons.webextension.doh-rollout@mozilla.org	WARN	Loading extension 'doh-rollout@mozilla.org': Reading manifest: Invalid extension permission: networkStatus
1584200866691	addons.webextension.screenshots@mozilla.org	WARN	Loading extension 'screenshots@mozilla.org': Reading manifest: Invalid extension permission: mozillaAddons
1584200866691	addons.webextension.screenshots@mozilla.org	WARN	Loading extension 'screenshots@mozilla.org': Reading manifest: Invalid extension permission: telemetry
1584200866691	addons.webextension.screenshots@mozilla.org	WARN	Loading extension 'screenshots@mozilla.org': Reading manifest: Invalid extension permission: resource://pdf.js/
1584200866691	addons.webextension.screenshots@mozilla.org	WARN	Loading extension 'screenshots@mozilla.org': Reading manifest: Invalid extension permission: about:reader*
1584200868180	Marionette	INFO	Listening on port 49778
1584200868193	Marionette	WARN	TLS certificate errors will be ignored for this session
JavaScript error: https://player.daznservices.com/eplayer/assets/urls.json, line 1: SyntaxError: unexpected token: ':'
JavaScript error: https://player.daznservices.com/eplayer/assets/urls.json, line 1: SyntaxError: unexpected token: ':'
JavaScript error: https://tpc.googlesyndication.com/pagead/js/r20200305/r20110914/client/qs_click_protection_fy2019.js, line 11: NS_ERROR_NOT_INITIALIZED: 
JavaScript error: https://player.daznservices.com/eplayer/assets/urls.json, line 1: SyntaxError: unexpected token: ':'
JavaScript error: https://player.daznservices.com/eplayer/assets/urls.json, line 1: SyntaxError: unexpected token: ':'
JavaScript error: resource:///actors/ContentMetaChild.jsm, line 167: InvalidStateError: An attempt was made to use an object that is not, or is no longer, usable
JavaScript error: https://cdn.ampproject.org/rtv/012002251816300/v0/amp-analytics-0.1.js, line 109: NS_ERROR_NOT_INITIALIZED: 
JavaScript error: https://player.daznservices.com/eplayer/assets/urls.json, line 1: SyntaxError: unexpected token: ':'
JavaScript error: https://player.daznservices.com/eplayer/assets/urls.json, line 1: SyntaxError: unexpected token: ':'
JavaScript error: https://player.daznservices.com/eplayer/assets/urls.json, line 1: SyntaxError: unexpected token: ':'
JavaScript error: https://player.daznservices.com/eplayer/assets/urls.json, line 1: SyntaxError: unexpected token: ':'
JavaScript error: https://cdn.ampproject.org/rtv/012002251816300/v0/amp-analytics-0.1.js, line 109: NS_ERROR_NOT_INITIALIZED: 
JavaScript error: https://player.daznservices.com/eplayer/assets/urls.json, line 1: SyntaxError: unexpected token: ':'
JavaScript error: https://player.daznservices.com/eplayer/assets/urls.json, line 1: SyntaxError: unexpected token: ':'
JavaScript error: resource:///actors/ContentMetaChild.jsm, line 167: InvalidStateError: An attempt was made to use an object that is not, or is no longer, usable
JavaScript error: https://cdn.ampproject.org/rtv/012002251816300/v0/amp-analytics-0.1.js, line 109: NS_ERROR_NOT_INITIALIZED: 
JavaScript error: https://player.daznservices.com/eplayer/assets/urls.json, line 1: SyntaxError: unexpected token: ':'
JavaScript error: https://tpc.googlesyndication.com/pagead/js/r20200305/r20110914/client/qs_click_protection_fy2019.js, line 11: NS_ERROR_NOT_INITIALIZED: 
JavaScript error: https://player.daznservices.com/eplayer/assets/urls.json, line 1: SyntaxError: unexpected token: ':'
JavaScript error: resource:///actors/ContentMetaChild.jsm, line 167: InvalidStateError: An attempt was made to use an object that is not, or is no longer, usable
JavaScript error: resource:///actors/ContentMetaChild.jsm, line 167: InvalidStateError: An attempt was made to use an object that is not, or is no longer, usable
JavaScript error: https://player.daznservices.com/eplayer/assets/urls.json, line 1: SyntaxError: unexpected token: ':'
JavaScript error: , line 0: TypeError: NetworkError when attempting to fetch resource.
1584201102633	Marionette	INFO	Stopped listening on port 49778
IPDL protocol error: Handler returned error code!

###!!! [Parent][DispatchAsyncMessage] Error: PLayerTransaction::Msg_ReleaseLayer Processing error: message was deserialized, but the handler returned false (indicating failure)

IPDL protocol error: Handler returned error code!

###!!! [Parent][DispatchAsyncMessage] Error: PLayerTransaction::Msg_ReleaseLayer Processing error: message was deserialized, but the handler returned false (indicating failure)


###!!! [Child][RunMessage] Error: Channel closing: too late to send/recv, messages will be lost

1584201220863	mozrunner::runner	INFO	Running command: "/Applications/Firefox.app/Contents/MacOS/firefox-bin" "-marionette" "-headless" "-foreground" "-no-remote" "-profile" "/var/folders/ks/h8sfstk57ps3yhykcjlhhmlr0000gn/T/rust_mozprofileZtQHxT"
*** You are running in headless mode.
1584201221242	addons.webextension.doh-rollout@mozilla.org	WARN	Loading extension 'doh-rollout@mozilla.org': Reading manifest: Invalid extension permission: networkStatus
1584201221508	addons.webextension.screenshots@mozilla.org	WARN	Loading extension 'screenshots@mozilla.org': Reading manifest: Invalid extension permission: mozillaAddons
1584201221508	addons.webextension.screenshots@mozilla.org	WARN	Loading extension 'screenshots@mozilla.org': Reading manifest: Invalid extension permission: telemetry
1584201221508	addons.webextension.screenshots@mozilla.org	WARN	Loading extension 'screenshots@mozilla.org': Reading manifest: Invalid extension permission: resource://pdf.js/
1584201221508	addons.webextension.screenshots@mozilla.org	WARN	Loading extension 'screenshots@mozilla.org': Reading manifest: Invalid extension permission: about:reader*
1584201222979	Marionette	INFO	Listening on port 50187
1584201223018	Marionette	WARN	TLS certificate errors will be ignored for this session
JavaScript error: https://cdn.ampproject.org/rtv/012002251816300/v0/amp-analytics-0.1.js, line 109: NS_ERROR_NOT_INITIALIZED: 
JavaScript error: https://cdn.ampproject.org/rtv/012002251816300/v0/amp-analytics-0.1.js, line 109: NS_ERROR_NOT_INITIALIZED: 
JavaScript error: resource:///actors/ContentMetaChild.jsm, line 167: InvalidStateError: An attempt was made to use an object that is not, or is no longer, usable
JavaScript error: resource:///actors/ContentMetaChild.jsm, line 167: InvalidStateError: An attempt was made to use an object that is not, or is no longer, usable
JavaScript error: , line 0: uncaught exception: undefined
JavaScript error: https://cdn.ampproject.org/rtv/012002251816300/v0/amp-analytics-0.1.js, line 109: NS_ERROR_NOT_INITIALIZED: 
1584201240112	Marionette	INFO	Stopped listening on port 50187
1584201244781	mozrunner::runner	INFO	Running command: "/Applications/Firefox.app/Contents/MacOS/firefox-bin" "-marionette" "-foreground" "-no-remote" "-profile" "/var/folders/ks/h8sfstk57ps3yhykcjlhhmlr0000gn/T/rust_mozprofile3hwrDD"
1584201245160	addons.webextension.doh-rollout@mozilla.org	WARN	Loading extension 'doh-rollout@mozilla.org': Reading manifest: Invalid extension permission: networkStatus
1584201245416	addons.webextension.screenshots@mozilla.org	WARN	Loading extension 'screenshots@mozilla.org': Reading manifest: Invalid extension permission: mozillaAddons
1584201245416	addons.webextension.screenshots@mozilla.org	WARN	Loading extension 'screenshots@mozilla.org': Reading manifest: Invalid extension permission: telemetry
1584201245417	addons.webextension.screenshots@mozilla.org	WARN	Loading extension 'screenshots@mozilla.org': Reading manifest: Invalid extension permission: resource://pdf.js/
1584201245417	addons.webextension.screenshots@mozilla.org	WARN	Loading extension 'screenshots@mozilla.org': Reading manifest: Invalid extension permission: about:reader*
1584201246915	Marionette	INFO	Listening on port 50304
1584201246935	Marionette	WARN	TLS certificate errors will be ignored for this session
JavaScript error: https://player.daznservices.com/eplayer/assets/urls.json, line 1: SyntaxError: unexpected token: ':'
JavaScript error: https://tpc.googlesyndication.com/pagead/js/r20200305/r20110914/client/qs_click_protection_fy2019.js, line 11: NS_ERROR_NOT_INITIALIZED: 
JavaScript error: , line 0: TypeError: NetworkError when attempting to fetch resource.
JavaScript error: https://widgets.outbrain.com/widgetOBUserSync/obUserSync.html#pid=38895&dmpenabled=false&filterDMP=&csenabled=true&d=RZCmNFnJpZpQ-HAOubMTkN-BCjfrrB6M7CZYdPJcqbk2aUIWXUTpOHq0Ooh-r34M&gdpr=0&cmpNeeded=false, line 2: SecurityError: The operation is insecure.
JavaScript error: https://player.daznservices.com/eplayer/assets/urls.json, line 1: SyntaxError: unexpected token: ':'
JavaScript error: https://cdn.ampproject.org/rtv/012002251816300/v0/amp-analytics-0.1.js, line 109: NS_ERROR_NOT_INITIALIZED: 
JavaScript error: https://cdn.ampproject.org/rtv/012002251816300/v0/amp-analytics-0.1.js, line 109: NS_ERROR_NOT_INITIALIZED: 
JavaScript error: resource:///actors/ContentMetaChild.jsm, line 167: InvalidStateError: An attempt was made to use an object that is not, or is no longer, usable
JavaScript error: https://widgets.outbrain.com/widgetOBUserSync/obUserSync.html#pid=38895&dmpenabled=false&filterDMP=&csenabled=true&d=RZCmNFnJpZpQ-HAOubMTkN-BCjfrrB6M7CZYdPJcqbk2aUIWXUTpOHq0Ooh-r34M&gdpr=0&cmpNeeded=false, line 2: SecurityError: The operation is insecure.
JavaScript error: https://player.daznservices.com/eplayer/assets/urls.json, line 1: SyntaxError: unexpected token: ':'
JavaScript error: resource:///actors/ContentMetaChild.jsm, line 167: InvalidStateError: An attempt was made to use an object that is not, or is no longer, usable
JavaScript error: https://widgets.outbrain.com/widgetOBUserSync/obUserSync.html#pid=38895&dmpenabled=false&filterDMP=&csenabled=true&d=RZCmNFnJpZpQ-HAOubMTkN-BCjfrrB6M7CZYdPJcqbk2aUIWXUTpOHq0Ooh-r34M&gdpr=0&cmpNeeded=false, line 2: SecurityError: The operation is insecure.
JavaScript error: https://player.daznservices.com/eplayer/assets/urls.json, line 1: SyntaxError: unexpected token: ':'
JavaScript error: resource:///actors/ContentMetaChild.jsm, line 167: InvalidStateError: An attempt was made to use an object that is not, or is no longer, usable
JavaScript error: https://widgets.outbrain.com/widgetOBUserSync/obUserSync.html#pid=38895&dmpenabled=false&filterDMP=&csenabled=true&d=RZCmNFnJpZpQ-HAOubMTkN-BCjfrrB6M7CZYdPJcqbk2aUIWXUTpOHq0Ooh-r34M&gdpr=0&cmpNeeded=false, line 2: SecurityError: The operation is insecure.
JavaScript error: https://player.daznservices.com/eplayer/assets/urls.json, line 1: SyntaxError: unexpected token: ':'
JavaScript error: resource:///actors/ContentMetaChild.jsm, line 167: InvalidStateError: An attempt was made to use an object that is not, or is no longer, usable
JavaScript error: https://player.daznservices.com/eplayer/assets/urls.json, line 1: SyntaxError: unexpected token: ':'
JavaScript error: https://widgets.outbrain.com/widgetOBUserSync/obUserSync.html#pid=38895&dmpenabled=false&filterDMP=&csenabled=true&d=RZCmNFnJpZpQ-HAOubMTkN-BCjfrrB6M7CZYdPJcqbk2aUIWXUTpOHq0Ooh-r34M&gdpr=0&cmpNeeded=false, line 2: SecurityError: The operation is insecure.
JavaScript error: https://widgets.outbrain.com/widgetOBUserSync/obUserSync.html#pid=38895&dmpenabled=false&filterDMP=&csenabled=true&d=RZCmNFnJpZpQ-HAOubMTkN-BCjfrrB6M7CZYdPJcqbk2aUIWXUTpOHq0Ooh-r34M&gdpr=0&cmpNeeded=false, line 2: SecurityError: The operation is insecure.
JavaScript error: https://player.daznservices.com/eplayer/assets/urls.json, line 1: SyntaxError: unexpected token: ':'
JavaScript error: , line 0: TypeError: NetworkError when attempting to fetch resource.
JavaScript error: https://cdn.ampproject.org/rtv/012002251816300/v0/amp-analytics-0.1.js, line 109: NS_ERROR_NOT_INITIALIZED: 
JavaScript error: https://widgets.outbrain.com/widgetOBUserSync/obUserSync.html#pid=38895&dmpenabled=false&filterDMP=&csenabled=true&d=RZCmNFnJpZpQ-HAOubMTkN-BCjfrrB6M7CZYdPJcqbk2aUIWXUTpOHq0Ooh-r34M&gdpr=0&cmpNeeded=false, line 2: SecurityError: The operation is insecure.
JavaScript error: https://player.daznservices.com/eplayer/assets/urls.json, line 1: SyntaxError: unexpected token: ':'
JavaScript error: , line 0: TypeError: NetworkError when attempting to fetch resource.
JavaScript error: https://widgets.outbrain.com/widgetOBUserSync/obUserSync.html#pid=38895&dmpenabled=false&filterDMP=&csenabled=true&d=RZCmNFnJpZpQ-HAOubMTkN-BCjfrrB6M7CZYdPJcqbk2aUIWXUTpOHq0Ooh-r34M&gdpr=0&cmpNeeded=false, line 2: SecurityError: The operation is insecure.
JavaScript error: https://player.daznservices.com/eplayer/assets/urls.json, line 1: SyntaxError: unexpected token: ':'
JavaScript error: resource:///actors/ContentMetaChild.jsm, line 167: InvalidStateError: An attempt was made to use an object that is not, or is no longer, usable
JavaScript error: resource:///actors/ContentMetaChild.jsm, line 167: InvalidStateError: An attempt was made to use an object that is not, or is no longer, usable
JavaScript error: https://widgets.outbrain.com/widgetOBUserSync/obUserSync.html#pid=38895&dmpenabled=false&filterDMP=&csenabled=true&d=RZCmNFnJpZpQ-HAOubMTkN-BCjfrrB6M7CZYdPJcqbk2aUIWXUTpOHq0Ooh-r34M&gdpr=0&cmpNeeded=false, line 2: SecurityError: The operation is insecure.
JavaScript error: https://player.daznservices.com/eplayer/assets/urls.json, line 1: SyntaxError: unexpected token: ':'
JavaScript error: https://cdn.ampproject.org/rtv/012002251816300/v0/amp-analytics-0.1.js, line 109: NS_ERROR_NOT_INITIALIZED: 
JavaScript error: https://cdn.ampproject.org/rtv/012002251816300/v0/amp-analytics-0.1.js, line 109: NS_ERROR_NOT_INITIALIZED: 
JavaScript error: , line 0: TypeError: NetworkError when attempting to fetch resource.
JavaScript error: https://player.daznservices.com/eplayer/assets/urls.json, line 1: SyntaxError: unexpected token: ':'
JavaScript error: https://widgets.outbrain.com/widgetOBUserSync/obUserSync.html#pid=38895&dmpenabled=false&filterDMP=&csenabled=true&d=RZCmNFnJpZpQ-HAOubMTkN-BCjfrrB6M7CZYdPJcqbk2aUIWXUTpOHq0Ooh-r34M&gdpr=0&cmpNeeded=false, line 2: SecurityError: The operation is insecure.
1584201442885	Marionette	INFO	Stopped listening on port 50304
IPDL protocol error: Handler returned error code!

###!!! [Parent][DispatchAsyncMessage] Error: PLayerTransaction::Msg_ReleaseLayer Processing error: message was deserialized, but the handler returned false (indicating failure)

1584201711626	mozrunner::runner	INFO	Running command: "/Applications/Firefox.app/Contents/MacOS/firefox-bin" "-marionette" "-headless" "-foreground" "-no-remote" "-profile" "/var/folders/ks/h8sfstk57ps3yhykcjlhhmlr0000gn/T/rust_mozprofilei2bmYb"
*** You are running in headless mode.
1584201711998	addons.webextension.doh-rollout@mozilla.org	WARN	Loading extension 'doh-rollout@mozilla.org': Reading manifest: Invalid extension permission: networkStatus
1584201712245	addons.webextension.screenshots@mozilla.org	WARN	Loading extension 'screenshots@mozilla.org': Reading manifest: Invalid extension permission: mozillaAddons
1584201712245	addons.webextension.screenshots@mozilla.org	WARN	Loading extension 'screenshots@mozilla.org': Reading manifest: Invalid extension permission: telemetry
1584201712245	addons.webextension.screenshots@mozilla.org	WARN	Loading extension 'screenshots@mozilla.org': Reading manifest: Invalid extension permission: resource://pdf.js/
1584201712245	addons.webextension.screenshots@mozilla.org	WARN	Loading extension 'screenshots@mozilla.org': Reading manifest: Invalid extension permission: about:reader*
1584201713753	Marionette	INFO	Listening on port 50632
1584201713771	Marionette	WARN	TLS certificate errors will be ignored for this session
JavaScript error: resource:///actors/ContentMetaChild.jsm, line 167: InvalidStateError: An attempt was made to use an object that is not, or is no longer, usable
JavaScript error: resource:///actors/ContentMetaChild.jsm, line 167: InvalidStateError: An attempt was made to use an object that is not, or is no longer, usable
JavaScript error: resource:///actors/ContentMetaChild.jsm, line 167: InvalidStateError: An attempt was made to use an object that is not, or is no longer, usable
JavaScript error: resource:///actors/ContentMetaChild.jsm, line 167: InvalidStateError: An attempt was made to use an object that is not, or is no longer, usable
JavaScript error: resource:///actors/ContentMetaChild.jsm, line 167: InvalidStateError: An attempt was made to use an object that is not, or is no longer, usable
JavaScript error: resource:///actors/ContentMetaChild.jsm, line 167: InvalidStateError: An attempt was made to use an object that is not, or is no longer, usable
JavaScript error: resource:///actors/ContentMetaChild.jsm, line 167: InvalidStateError: An attempt was made to use an object that is not, or is no longer, usable
1584201724374	Marionette	INFO	Stopped listening on port 50632
1584201727991	mozrunner::runner	INFO	Running command: "/Applications/Firefox.app/Contents/MacOS/firefox-bin" "-marionette" "-foreground" "-no-remote" "-profile" "/var/folders/ks/h8sfstk57ps3yhykcjlhhmlr0000gn/T/rust_mozprofileRyWQIt"
1584201728466	addons.webextension.doh-rollout@mozilla.org	WARN	Loading extension 'doh-rollout@mozilla.org': Reading manifest: Invalid extension permission: networkStatus
1584201728735	addons.webextension.screenshots@mozilla.org	WARN	Loading extension 'screenshots@mozilla.org': Reading manifest: Invalid extension permission: mozillaAddons
1584201728736	addons.webextension.screenshots@mozilla.org	WARN	Loading extension 'screenshots@mozilla.org': Reading manifest: Invalid extension permission: telemetry
1584201728736	addons.webextension.screenshots@mozilla.org	WARN	Loading extension 'screenshots@mozilla.org': Reading manifest: Invalid extension permission: resource://pdf.js/
1584201728736	addons.webextension.screenshots@mozilla.org	WARN	Loading extension 'screenshots@mozilla.org': Reading manifest: Invalid extension permission: about:reader*
1584201730267	Marionette	INFO	Listening on port 50731
1584201730355	Marionette	WARN	TLS certificate errors will be ignored for this session
JavaScript error: https://player.daznservices.com/eplayer/assets/urls.json, line 1: SyntaxError: unexpected token: ':'
JavaScript error: , line 0: TypeError: NetworkError when attempting to fetch resource.
JavaScript error: https://widgets.outbrain.com/widgetOBUserSync/obUserSync.html#pid=38895&dmpenabled=false&filterDMP=&csenabled=true&d=Ion1RXxENT0tzEmzN63_ez_-epuni0T13HCWvJ02CtofH_0l4fVqe5FH_XZIR2hr&gdpr=0&cmpNeeded=false, line 2: SecurityError: The operation is insecure.
JavaScript error: https://player.daznservices.com/eplayer/assets/urls.json, line 1: SyntaxError: unexpected token: ':'
JavaScript error: , line 0: TypeError: NetworkError when attempting to fetch resource.
JavaScript error: https://widgets.outbrain.com/widgetOBUserSync/obUserSync.html#pid=38895&dmpenabled=false&filterDMP=&csenabled=true&d=Ion1RXxENT0tzEmzN63_ez_-epuni0T13HCWvJ02CtofH_0l4fVqe5FH_XZIR2hr&gdpr=0&cmpNeeded=false, line 2: SecurityError: The operation is insecure.
JavaScript error: https://player.daznservices.com/eplayer/assets/urls.json, line 1: SyntaxError: unexpected token: ':'
JavaScript error: https://widgets.outbrain.com/widgetOBUserSync/obUserSync.html#pid=38895&dmpenabled=false&filterDMP=&csenabled=true&d=Ion1RXxENT0tzEmzN63_ez_-epuni0T13HCWvJ02CtofH_0l4fVqe5FH_XZIR2hr&gdpr=0&cmpNeeded=false, line 2: SecurityError: The operation is insecure.
JavaScript error: https://player.daznservices.com/eplayer/assets/urls.json, line 1: SyntaxError: unexpected token: ':'
JavaScript error: , line 0: TypeError: NetworkError when attempting to fetch resource.
JavaScript error: https://widgets.outbrain.com/widgetOBUserSync/obUserSync.html#pid=38895&dmpenabled=false&filterDMP=&csenabled=true&d=Ion1RXxENT0tzEmzN63_ez_-epuni0T13HCWvJ02CtofH_0l4fVqe5FH_XZIR2hr&gdpr=0&cmpNeeded=false, line 2: SecurityError: The operation is insecure.
JavaScript error: https://player.daznservices.com/eplayer/assets/urls.json, line 1: SyntaxError: unexpected token: ':'
JavaScript error: https://widgets.outbrain.com/widgetOBUserSync/obUserSync.html#pid=38895&dmpenabled=false&filterDMP=&csenabled=true&d=Ion1RXxENT0tzEmzN63_ez_-epuni0T13HCWvJ02CtofH_0l4fVqe5FH_XZIR2hr&gdpr=0&cmpNeeded=false, line 2: SecurityError: The operation is insecure.
JavaScript error: https://player.daznservices.com/eplayer/assets/urls.json, line 1: SyntaxError: unexpected token: ':'
JavaScript error: https://widgets.outbrain.com/widgetOBUserSync/obUserSync.html#pid=38895&dmpenabled=false&filterDMP=&csenabled=true&d=Ion1RXxENT0tzEmzN63_ez_-epuni0T13HCWvJ02CtofH_0l4fVqe5FH_XZIR2hr&gdpr=0&cmpNeeded=false, line 2: SecurityError: The operation is insecure.
JavaScript error: https://player.daznservices.com/eplayer/assets/urls.json, line 1: SyntaxError: unexpected token: ':'
JavaScript error: https://widgets.outbrain.com/widgetOBUserSync/obUserSync.html#pid=38895&dmpenabled=false&filterDMP=&csenabled=true&d=Ion1RXxENT0tzEmzN63_ez_-epuni0T13HCWvJ02CtofH_0l4fVqe5FH_XZIR2hr&gdpr=0&cmpNeeded=false, line 2: SecurityError: The operation is insecure.
JavaScript error: https://player.daznservices.com/eplayer/assets/urls.json, line 1: SyntaxError: unexpected token: ':'
JavaScript error: resource:///actors/ContentMetaChild.jsm, line 167: InvalidStateError: An attempt was made to use an object that is not, or is no longer, usable
JavaScript error: https://widgets.outbrain.com/widgetOBUserSync/obUserSync.html#pid=38895&dmpenabled=false&filterDMP=&csenabled=true&d=Ion1RXxENT0tzEmzN63_ez_-epuni0T13HCWvJ02CtofH_0l4fVqe5FH_XZIR2hr&gdpr=0&cmpNeeded=false, line 2: SecurityError: The operation is insecure.
JavaScript error: https://player.daznservices.com/eplayer/assets/urls.json, line 1: SyntaxError: unexpected token: ':'
JavaScript error: https://widgets.outbrain.com/widgetOBUserSync/obUserSync.html#pid=38895&dmpenabled=false&filterDMP=&csenabled=true&d=Ion1RXxENT0tzEmzN63_ez_-epuni0T13HCWvJ02CtofH_0l4fVqe5FH_XZIR2hr&gdpr=0&cmpNeeded=false, line 2: SecurityError: The operation is insecure.
JavaScript error: https://player.daznservices.com/eplayer/assets/urls.json, line 1: SyntaxError: unexpected token: ':'
JavaScript error: https://tpc.googlesyndication.com/pagead/js/r20200305/r20110914/client/qs_click_protection_fy2019.js, line 11: NS_ERROR_NOT_INITIALIZED: 
1584201944463	Marionette	INFO	Stopped listening on port 50731
1584202278681	mozrunner::runner	INFO	Running command: "/Applications/Firefox.app/Contents/MacOS/firefox-bin" "-marionette" "-headless" "-foreground" "-no-remote" "-profile" "/var/folders/ks/h8sfstk57ps3yhykcjlhhmlr0000gn/T/rust_mozprofile1Pk3ts"
*** You are running in headless mode.
1584202279078	addons.webextension.doh-rollout@mozilla.org	WARN	Loading extension 'doh-rollout@mozilla.org': Reading manifest: Invalid extension permission: networkStatus
1584202279338	addons.webextension.screenshots@mozilla.org	WARN	Loading extension 'screenshots@mozilla.org': Reading manifest: Invalid extension permission: mozillaAddons
1584202279338	addons.webextension.screenshots@mozilla.org	WARN	Loading extension 'screenshots@mozilla.org': Reading manifest: Invalid extension permission: telemetry
1584202279338	addons.webextension.screenshots@mozilla.org	WARN	Loading extension 'screenshots@mozilla.org': Reading manifest: Invalid extension permission: resource://pdf.js/
1584202279338	addons.webextension.screenshots@mozilla.org	WARN	Loading extension 'screenshots@mozilla.org': Reading manifest: Invalid extension permission: about:reader*
1584202280845	Marionette	INFO	Listening on port 51088
1584202280929	Marionette	WARN	TLS certificate errors will be ignored for this session
JavaScript error: https://cdn.ampproject.org/rtv/012002251816300/v0/amp-analytics-0.1.js, line 109: NS_ERROR_NOT_INITIALIZED: 
JavaScript error: , line 0: uncaught exception: undefined
JavaScript error: resource:///actors/ContentMetaChild.jsm, line 167: InvalidStateError: An attempt was made to use an object that is not, or is no longer, usable
JavaScript error: resource:///actors/ContentMetaChild.jsm, line 167: InvalidStateError: An attempt was made to use an object that is not, or is no longer, usable
JavaScript error: resource:///actors/ContentMetaChild.jsm, line 167: InvalidStateError: An attempt was made to use an object that is not, or is no longer, usable
1584202298156	Marionette	INFO	Stopped listening on port 51088
IPDL protocol error: Handler returned error code!

###!!! [Parent][DispatchAsyncMessage] Error: PLayerTransaction::Msg_ReleaseLayer Processing error: message was deserialized, but the handler returned false (indicating failure)

IPDL protocol error: Handler returned error code!

###!!! [Parent][DispatchAsyncMessage] Error: PLayerTransaction::Msg_ReleaseLayer Processing error: message was deserialized, but the handler returned false (indicating failure)

1584202303902	mozrunner::runner	INFO	Running command: "/Applications/Firefox.app/Contents/MacOS/firefox-bin" "-marionette" "-foreground" "-no-remote" "-profile" "/var/folders/ks/h8sfstk57ps3yhykcjlhhmlr0000gn/T/rust_mozprofileshQF4i"
1584202304431	addons.webextension.doh-rollout@mozilla.org	WARN	Loading extension 'doh-rollout@mozilla.org': Reading manifest: Invalid extension permission: networkStatus
1584202304678	addons.webextension.screenshots@mozilla.org	WARN	Loading extension 'screenshots@mozilla.org': Reading manifest: Invalid extension permission: mozillaAddons
1584202304678	addons.webextension.screenshots@mozilla.org	WARN	Loading extension 'screenshots@mozilla.org': Reading manifest: Invalid extension permission: telemetry
1584202304678	addons.webextension.screenshots@mozilla.org	WARN	Loading extension 'screenshots@mozilla.org': Reading manifest: Invalid extension permission: resource://pdf.js/
1584202304678	addons.webextension.screenshots@mozilla.org	WARN	Loading extension 'screenshots@mozilla.org': Reading manifest: Invalid extension permission: about:reader*
1584202306222	Marionette	INFO	Listening on port 51211
1584202306250	Marionette	WARN	TLS certificate errors will be ignored for this session
JavaScript error: https://player.daznservices.com/eplayer/assets/urls.json, line 1: SyntaxError: unexpected token: ':'
JavaScript error: https://player.daznservices.com/eplayer/assets/urls.json, line 1: SyntaxError: unexpected token: ':'
JavaScript error: https://player.daznservices.com/eplayer/assets/urls.json, line 1: SyntaxError: unexpected token: ':'
JavaScript error: resource:///actors/ContentMetaChild.jsm, line 167: InvalidStateError: An attempt was made to use an object that is not, or is no longer, usable
1584202377083	Marionette	INFO	Stopped listening on port 51211
IPDL protocol error: Handler returned error code!

###!!! [Parent][DispatchAsyncMessage] Error: PLayerTransaction::Msg_ReleaseLayer Processing error: message was deserialized, but the handler returned false (indicating failure)

1584203662347	mozrunner::runner	INFO	Running command: "/Applications/Firefox.app/Contents/MacOS/firefox-bin" "-marionette" "-foreground" "-no-remote" "-profile" "/var/folders/ks/h8sfstk57ps3yhykcjlhhmlr0000gn/T/rust_mozprofileFR87Gz"
1584203663149	addons.webextension.doh-rollout@mozilla.org	WARN	Loading extension 'doh-rollout@mozilla.org': Reading manifest: Invalid extension permission: networkStatus
1584203663427	addons.webextension.screenshots@mozilla.org	WARN	Loading extension 'screenshots@mozilla.org': Reading manifest: Invalid extension permission: mozillaAddons
1584203663428	addons.webextension.screenshots@mozilla.org	WARN	Loading extension 'screenshots@mozilla.org': Reading manifest: Invalid extension permission: telemetry
1584203663428	addons.webextension.screenshots@mozilla.org	WARN	Loading extension 'screenshots@mozilla.org': Reading manifest: Invalid extension permission: resource://pdf.js/
1584203663428	addons.webextension.screenshots@mozilla.org	WARN	Loading extension 'screenshots@mozilla.org': Reading manifest: Invalid extension permission: about:reader*
1584203665403	Marionette	INFO	Listening on port 51728
1584203665440	Marionette	WARN	TLS certificate errors will be ignored for this session
1584203698341	mozrunner::runner	INFO	Running command: "/Applications/Firefox.app/Contents/MacOS/firefox-bin" "-marionette" "-foreground" "-no-remote" "-profile" "/var/folders/ks/h8sfstk57ps3yhykcjlhhmlr0000gn/T/rust_mozprofilehC5z9m"
1584203698841	addons.webextension.doh-rollout@mozilla.org	WARN	Loading extension 'doh-rollout@mozilla.org': Reading manifest: Invalid extension permission: networkStatus
1584203699239	addons.webextension.screenshots@mozilla.org	WARN	Loading extension 'screenshots@mozilla.org': Reading manifest: Invalid extension permission: mozillaAddons
1584203699239	addons.webextension.screenshots@mozilla.org	WARN	Loading extension 'screenshots@mozilla.org': Reading manifest: Invalid extension permission: telemetry
1584203699239	addons.webextension.screenshots@mozilla.org	WARN	Loading extension 'screenshots@mozilla.org': Reading manifest: Invalid extension permission: resource://pdf.js/
1584203699239	addons.webextension.screenshots@mozilla.org	WARN	Loading extension 'screenshots@mozilla.org': Reading manifest: Invalid extension permission: about:reader*
1584203701026	Marionette	INFO	Stopped listening on port 51728
1584203701549	Marionette	INFO	Listening on port 51809
1584203701704	Marionette	WARN	TLS certificate errors will be ignored for this session
JavaScript error: https://player.daznservices.com/eplayer/assets/urls.json, line 1: SyntaxError: unexpected token: ':'
JavaScript error: , line 0: uncaught exception: undefined
JavaScript error: https://widgets.outbrain.com/widgetOBUserSync/obUserSync.html#pid=38895&dmpenabled=false&filterDMP=&csenabled=true&d=2DMU3IeEtrCOtnitPBEFVd9ximMZPa-oNoM_ZWqhhPmNqrL6EJJyIbiHWBicLYjl&gdpr=0&cmpNeeded=false, line 2: SecurityError: The operation is insecure.
JavaScript error: https://player.daznservices.com/eplayer/assets/urls.json, line 1: SyntaxError: unexpected token: ':'
JavaScript error: https://widgets.outbrain.com/widgetOBUserSync/obUserSync.html#pid=38895&dmpenabled=false&filterDMP=&csenabled=true&d=2DMU3IeEtrCOtnitPBEFVd9ximMZPa-oNoM_ZWqhhPmNqrL6EJJyIbiHWBicLYjl&gdpr=0&cmpNeeded=false, line 2: SecurityError: The operation is insecure.
JavaScript error: https://player.daznservices.com/eplayer/assets/urls.json, line 1: SyntaxError: unexpected token: ':'
JavaScript error: https://widgets.outbrain.com/widgetOBUserSync/obUserSync.html#pid=38895&dmpenabled=false&filterDMP=&csenabled=true&d=2DMU3IeEtrCOtnitPBEFVd9ximMZPa-oNoM_ZWqhhPmNqrL6EJJyIbiHWBicLYjl&gdpr=0&cmpNeeded=false, line 2: SecurityError: The operation is insecure.
JavaScript error: https://player.daznservices.com/eplayer/assets/urls.json, line 1: SyntaxError: unexpected token: ':'
JavaScript error: https://widgets.outbrain.com/widgetOBUserSync/obUserSync.html#pid=38895&dmpenabled=false&filterDMP=&csenabled=true&d=2DMU3IeEtrCOtnitPBEFVd9ximMZPa-oNoM_ZWqhhPmNqrL6EJJyIbiHWBicLYjl&gdpr=0&cmpNeeded=false, line 2: SecurityError: The operation is insecure.
JavaScript error: https://player.daznservices.com/eplayer/assets/urls.json, line 1: SyntaxError: unexpected token: ':'
JavaScript error: https://widgets.outbrain.com/widgetOBUserSync/obUserSync.html#pid=38895&dmpenabled=false&filterDMP=&csenabled=true&d=2DMU3IeEtrCOtnitPBEFVd9ximMZPa-oNoM_ZWqhhPmNqrL6EJJyIbiHWBicLYjl&gdpr=0&cmpNeeded=false, line 2: SecurityError: The operation is insecure.
JavaScript error: https://player.daznservices.com/eplayer/assets/urls.json, line 1: SyntaxError: unexpected token: ':'
JavaScript error: https://widgets.outbrain.com/widgetOBUserSync/obUserSync.html#pid=38895&dmpenabled=false&filterDMP=&csenabled=true&d=2DMU3IeEtrCOtnitPBEFVd9ximMZPa-oNoM_ZWqhhPmNqrL6EJJyIbiHWBicLYjl&gdpr=0&cmpNeeded=false, line 2: SecurityError: The operation is insecure.
JavaScript error: https://player.daznservices.com/eplayer/assets/urls.json, line 1: SyntaxError: unexpected token: ':'
JavaScript error: https://widgets.outbrain.com/widgetOBUserSync/obUserSync.html#pid=38895&dmpenabled=false&filterDMP=&csenabled=true&d=2DMU3IeEtrCOtnitPBEFVd9ximMZPa-oNoM_ZWqhhPmNqrL6EJJyIbiHWBicLYjl&gdpr=0&cmpNeeded=false, line 2: SecurityError: The operation is insecure.
JavaScript error: https://player.daznservices.com/eplayer/assets/urls.json, line 1: SyntaxError: unexpected token: ':'
JavaScript error: , line 0: uncaught exception: 7
JavaScript error: https://widgets.outbrain.com/widgetOBUserSync/obUserSync.html#pid=38895&dmpenabled=false&filterDMP=&csenabled=true&d=2DMU3IeEtrCOtnitPBEFVd9ximMZPa-oNoM_ZWqhhPmNqrL6EJJyIbiHWBicLYjl&gdpr=0&cmpNeeded=false, line 2: SecurityError: The operation is insecure.
JavaScript error: https://player.daznservices.com/eplayer/assets/urls.json, line 1: SyntaxError: unexpected token: ':'
JavaScript error: https://widgets.outbrain.com/widgetOBUserSync/obUserSync.html#pid=38895&dmpenabled=false&filterDMP=&csenabled=true&d=2DMU3IeEtrCOtnitPBEFVd9ximMZPa-oNoM_ZWqhhPmNqrL6EJJyIbiHWBicLYjl&gdpr=0&cmpNeeded=false, line 2: SecurityError: The operation is insecure.
JavaScript error: https://player.daznservices.com/eplayer/assets/urls.json, line 1: SyntaxError: unexpected token: ':'
JavaScript error: https://tags.bkrtx.com/js/bk-coretag.js, line 84: NS_ERROR_UNEXPECTED: 
JavaScript error: https://widgets.outbrain.com/widgetOBUserSync/obUserSync.html#pid=38895&dmpenabled=false&filterDMP=&csenabled=true&d=2DMU3IeEtrCOtnitPBEFVd9ximMZPa-oNoM_ZWqhhPmNqrL6EJJyIbiHWBicLYjl&gdpr=0&cmpNeeded=false, line 2: SecurityError: The operation is insecure.
JavaScript error: https://player.daznservices.com/eplayer/assets/urls.json, line 1: SyntaxError: unexpected token: ':'
JavaScript error: https://widgets.outbrain.com/widgetOBUserSync/obUserSync.html#pid=38895&dmpenabled=false&filterDMP=&csenabled=true&d=2DMU3IeEtrCOtnitPBEFVd9ximMZPa-oNoM_ZWqhhPmNqrL6EJJyIbiHWBicLYjl&gdpr=0&cmpNeeded=false, line 2: SecurityError: The operation is insecure.
JavaScript error: https://player.daznservices.com/eplayer/assets/urls.json, line 1: SyntaxError: unexpected token: ':'
JavaScript error: , line 0: uncaught exception: undefined
JavaScript error: https://widgets.outbrain.com/widgetOBUserSync/obUserSync.html#pid=38895&dmpenabled=false&filterDMP=&csenabled=true&d=2DMU3IeEtrCOtnitPBEFVd9ximMZPa-oNoM_ZWqhhPmNqrL6EJJyIbiHWBicLYjl&gdpr=0&cmpNeeded=false, line 2: SecurityError: The operation is insecure.
JavaScript error: https://player.daznservices.com/eplayer/assets/urls.json, line 1: SyntaxError: unexpected token: ':'
Exiting due to channel error.
[GFX1-]: Receive IPC close with reason=AbnormalShutdown
Exiting due to channel error.
[GFX1-]: Receive IPC close with reason=AbnormalShutdown
Exiting due to channel error.
1584203782853	mozrunner::runner	INFO	Running command: "/Applications/Firefox.app/Contents/MacOS/firefox-bin" "-marionette" "-foreground" "-no-remote" "-profile" "/var/folders/ks/h8sfstk57ps3yhykcjlhhmlr0000gn/T/rust_mozprofilelENHIW"
1584203783395	addons.webextension.doh-rollout@mozilla.org	WARN	Loading extension 'doh-rollout@mozilla.org': Reading manifest: Invalid extension permission: networkStatus
1584203783649	addons.webextension.screenshots@mozilla.org	WARN	Loading extension 'screenshots@mozilla.org': Reading manifest: Invalid extension permission: mozillaAddons
1584203783649	addons.webextension.screenshots@mozilla.org	WARN	Loading extension 'screenshots@mozilla.org': Reading manifest: Invalid extension permission: telemetry
1584203783649	addons.webextension.screenshots@mozilla.org	WARN	Loading extension 'screenshots@mozilla.org': Reading manifest: Invalid extension permission: resource://pdf.js/
1584203783649	addons.webextension.screenshots@mozilla.org	WARN	Loading extension 'screenshots@mozilla.org': Reading manifest: Invalid extension permission: about:reader*
1584203785232	Marionette	INFO	Listening on port 52036
1584203785319	Marionette	WARN	TLS certificate errors will be ignored for this session
JavaScript error: https://player.daznservices.com/eplayer/assets/urls.json, line 1: SyntaxError: unexpected token: ':'
JavaScript error: https://widgets.outbrain.com/widgetOBUserSync/obUserSync.html#pid=38895&dmpenabled=false&filterDMP=&csenabled=true&d=WIqU8RHH7i4Zub0MMQwc2Ll2d1hHOOoWBbMWDsfvRnlXQ_-xngO-n1LDpRHMn2cf&gdpr=0&cmpNeeded=false, line 2: SecurityError: The operation is insecure.
JavaScript error: https://player.daznservices.com/eplayer/assets/urls.json, line 1: SyntaxError: unexpected token: ':'
JavaScript error: https://widgets.outbrain.com/widgetOBUserSync/obUserSync.html#pid=38895&dmpenabled=false&filterDMP=&csenabled=true&d=WIqU8RHH7i4Zub0MMQwc2Ll2d1hHOOoWBbMWDsfvRnlXQ_-xngO-n1LDpRHMn2cf&gdpr=0&cmpNeeded=false, line 2: SecurityError: The operation is insecure.
JavaScript error: https://player.daznservices.com/eplayer/assets/urls.json, line 1: SyntaxError: unexpected token: ':'
JavaScript error: https://widgets.outbrain.com/widgetOBUserSync/obUserSync.html#pid=38895&dmpenabled=false&filterDMP=&csenabled=true&d=WIqU8RHH7i4Zub0MMQwc2Ll2d1hHOOoWBbMWDsfvRnlXQ_-xngO-n1LDpRHMn2cf&gdpr=0&cmpNeeded=false, line 2: SecurityError: The operation is insecure.
JavaScript error: https://player.daznservices.com/eplayer/assets/urls.json, line 1: SyntaxError: unexpected token: ':'
JavaScript error: https://widgets.outbrain.com/widgetOBUserSync/obUserSync.html#pid=38895&dmpenabled=false&filterDMP=&csenabled=true&d=WIqU8RHH7i4Zub0MMQwc2Ll2d1hHOOoWBbMWDsfvRnlXQ_-xngO-n1LDpRHMn2cf&gdpr=0&cmpNeeded=false, line 2: SecurityError: The operation is insecure.
JavaScript error: https://player.daznservices.com/eplayer/assets/urls.json, line 1: SyntaxError: unexpected token: ':'
JavaScript error: https://tags.bkrtx.com/js/bk-coretag.js, line 84: NS_ERROR_UNEXPECTED: 
JavaScript error: https://widgets.outbrain.com/widgetOBUserSync/obUserSync.html#pid=38895&dmpenabled=false&filterDMP=&csenabled=true&d=WIqU8RHH7i4Zub0MMQwc2Ll2d1hHOOoWBbMWDsfvRnlXQ_-xngO-n1LDpRHMn2cf&gdpr=0&cmpNeeded=false, line 2: SecurityError: The operation is insecure.
JavaScript error: https://player.daznservices.com/eplayer/assets/urls.json, line 1: SyntaxError: unexpected token: ':'
JavaScript error: https://widgets.outbrain.com/widgetOBUserSync/obUserSync.html#pid=38895&dmpenabled=false&filterDMP=&csenabled=true&d=WIqU8RHH7i4Zub0MMQwc2Ll2d1hHOOoWBbMWDsfvRnlXQ_-xngO-n1LDpRHMn2cf&gdpr=0&cmpNeeded=false, line 2: SecurityError: The operation is insecure.
JavaScript error: https://player.daznservices.com/eplayer/assets/urls.json, line 1: SyntaxError: unexpected token: ':'
JavaScript error: https://widgets.outbrain.com/widgetOBUserSync/obUserSync.html#pid=38895&dmpenabled=false&filterDMP=&csenabled=true&d=WIqU8RHH7i4Zub0MMQwc2Ll2d1hHOOoWBbMWDsfvRnlXQ_-xngO-n1LDpRHMn2cf&gdpr=0&cmpNeeded=false, line 2: SecurityError: The operation is insecure.
JavaScript error: https://player.daznservices.com/eplayer/assets/urls.json, line 1: SyntaxError: unexpected token: ':'
JavaScript error: https://widgets.outbrain.com/widgetOBUserSync/obUserSync.html#pid=38895&dmpenabled=false&filterDMP=&csenabled=true&d=WIqU8RHH7i4Zub0MMQwc2Ll2d1hHOOoWBbMWDsfvRnlXQ_-xngO-n1LDpRHMn2cf&gdpr=0&cmpNeeded=false, line 2: SecurityError: The operation is insecure.
JavaScript error: https://player.daznservices.com/eplayer/assets/urls.json, line 1: SyntaxError: unexpected token: ':'
JavaScript error: , line 0: TypeError: NetworkError when attempting to fetch resource.
JavaScript error: https://widgets.outbrain.com/widgetOBUserSync/obUserSync.html#pid=38895&dmpenabled=false&filterDMP=&csenabled=true&d=WIqU8RHH7i4Zub0MMQwc2Ll2d1hHOOoWBbMWDsfvRnlXQ_-xngO-n1LDpRHMn2cf&gdpr=0&cmpNeeded=false, line 2: SecurityError: The operation is insecure.
JavaScript error: https://player.daznservices.com/eplayer/assets/urls.json, line 1: SyntaxError: unexpected token: ':'
JavaScript error: https://widgets.outbrain.com/widgetOBUserSync/obUserSync.html#pid=38895&dmpenabled=false&filterDMP=&csenabled=true&d=WIqU8RHH7i4Zub0MMQwc2Ll2d1hHOOoWBbMWDsfvRnlXQ_-xngO-n1LDpRHMn2cf&gdpr=0&cmpNeeded=false, line 2: SecurityError: The operation is insecure.
JavaScript error: https://player.daznservices.com/eplayer/assets/urls.json, line 1: SyntaxError: unexpected token: ':'
JavaScript error: , line 0: TypeError: NetworkError when attempting to fetch resource.
JavaScript error: https://widgets.outbrain.com/widgetOBUserSync/obUserSync.html#pid=38895&dmpenabled=false&filterDMP=&csenabled=true&d=WIqU8RHH7i4Zub0MMQwc2Ll2d1hHOOoWBbMWDsfvRnlXQ_-xngO-n1LDpRHMn2cf&gdpr=0&cmpNeeded=false, line 2: SecurityError: The operation is insecure.
JavaScript error: https://player.daznservices.com/eplayer/assets/urls.json, line 1: SyntaxError: unexpected token: ':'
JavaScript error: , line 0: uncaught exception: undefined
JavaScript error: https://player.daznservices.com/spieler/releases/1.51.9/ng-spieler.js, line 4: AbortError: The fetching process for the media resource was aborted by the user agent at the user's request.
JavaScript error: https://widgets.outbrain.com/widgetOBUserSync/obUserSync.html#pid=38895&dmpenabled=false&filterDMP=&csenabled=true&d=WIqU8RHH7i4Zub0MMQwc2Ll2d1hHOOoWBbMWDsfvRnlXQ_-xngO-n1LDpRHMn2cf&gdpr=0&cmpNeeded=false, line 2: SecurityError: The operation is insecure.
JavaScript error: https://player.daznservices.com/eplayer/assets/urls.json, line 1: SyntaxError: unexpected token: ':'
JavaScript error: https://widgets.outbrain.com/widgetOBUserSync/obUserSync.html#pid=38895&dmpenabled=false&filterDMP=&csenabled=true&d=WIqU8RHH7i4Zub0MMQwc2Ll2d1hHOOoWBbMWDsfvRnlXQ_-xngO-n1LDpRHMn2cf&gdpr=0&cmpNeeded=false, line 2: SecurityError: The operation is insecure.
JavaScript error: https://player.daznservices.com/eplayer/assets/urls.json, line 1: SyntaxError: unexpected token: ':'
JavaScript error: https://cdn.ampproject.org/rtv/012002251816300/v0/amp-analytics-0.1.js, line 109: NS_ERROR_NOT_INITIALIZED: 
JavaScript error: https://cdn.ampproject.org/rtv/012002251816300/v0/amp-analytics-0.1.js, line 109: NS_ERROR_NOT_INITIALIZED: 
JavaScript error: https://widgets.outbrain.com/widgetOBUserSync/obUserSync.html#pid=38895&dmpenabled=false&filterDMP=&csenabled=true&d=WIqU8RHH7i4Zub0MMQwc2Ll2d1hHOOoWBbMWDsfvRnlXQ_-xngO-n1LDpRHMn2cf&gdpr=0&cmpNeeded=false, line 2: SecurityError: The operation is insecure.
JavaScript error: https://player.daznservices.com/eplayer/assets/urls.json, line 1: SyntaxError: unexpected token: ':'
JavaScript error: , line 0: uncaught exception: undefined
1584203859016	Marionette	INFO	Stopped listening on port 52036
1584204132016	mozrunner::runner	INFO	Running command: "/Applications/Firefox.app/Contents/MacOS/firefox-bin" "-marionette" "-headless" "-foreground" "-no-remote" "-profile" "/var/folders/ks/h8sfstk57ps3yhykcjlhhmlr0000gn/T/rust_mozprofileFmLVOQ"
*** You are running in headless mode.
1584204132484	addons.webextension.doh-rollout@mozilla.org	WARN	Loading extension 'doh-rollout@mozilla.org': Reading manifest: Invalid extension permission: networkStatus
1584204132762	addons.webextension.screenshots@mozilla.org	WARN	Loading extension 'screenshots@mozilla.org': Reading manifest: Invalid extension permission: mozillaAddons
1584204132762	addons.webextension.screenshots@mozilla.org	WARN	Loading extension 'screenshots@mozilla.org': Reading manifest: Invalid extension permission: telemetry
1584204132762	addons.webextension.screenshots@mozilla.org	WARN	Loading extension 'screenshots@mozilla.org': Reading manifest: Invalid extension permission: resource://pdf.js/
1584204132762	addons.webextension.screenshots@mozilla.org	WARN	Loading extension 'screenshots@mozilla.org': Reading manifest: Invalid extension permission: about:reader*
1584204134569	Marionette	INFO	Listening on port 52341
1584204134590	Marionette	WARN	TLS certificate errors will be ignored for this session
Exiting due to channel error.
[GFX1-]: Receive IPC close with reason=AbnormalShutdown
Exiting due to channel error.
[GFX1-]: Receive IPC close with reason=AbnormalShutdown
Exiting due to channel error.
1584204165296	mozrunner::runner	INFO	Running command: "/Applications/Firefox.app/Contents/MacOS/firefox-bin" "-marionette" "-headless" "-foreground" "-no-remote" "-profile" "/var/folders/ks/h8sfstk57ps3yhykcjlhhmlr0000gn/T/rust_mozprofile2r0ne8"
*** You are running in headless mode.
1584204165877	addons.webextension.doh-rollout@mozilla.org	WARN	Loading extension 'doh-rollout@mozilla.org': Reading manifest: Invalid extension permission: networkStatus
1584204166178	addons.webextension.screenshots@mozilla.org	WARN	Loading extension 'screenshots@mozilla.org': Reading manifest: Invalid extension permission: mozillaAddons
1584204166178	addons.webextension.screenshots@mozilla.org	WARN	Loading extension 'screenshots@mozilla.org': Reading manifest: Invalid extension permission: telemetry
1584204166178	addons.webextension.screenshots@mozilla.org	WARN	Loading extension 'screenshots@mozilla.org': Reading manifest: Invalid extension permission: resource://pdf.js/
1584204166178	addons.webextension.screenshots@mozilla.org	WARN	Loading extension 'screenshots@mozilla.org': Reading manifest: Invalid extension permission: about:reader*
1584204167720	Marionette	INFO	Listening on port 52441
1584204167743	Marionette	WARN	TLS certificate errors will be ignored for this session
JavaScript error: https://cdn.ampproject.org/rtv/012002251816300/v0/amp-analytics-0.1.js, line 109: NS_ERROR_NOT_INITIALIZED: 
JavaScript error: https://cdn.ampproject.org/rtv/012002251816300/v0/amp-analytics-0.1.js, line 109: NS_ERROR_NOT_INITIALIZED: 
JavaScript error: resource:///actors/ContentMetaChild.jsm, line 167: InvalidStateError: An attempt was made to use an object that is not, or is no longer, usable
JavaScript error: resource:///actors/ContentMetaChild.jsm, line 167: InvalidStateError: An attempt was made to use an object that is not, or is no longer, usable
JavaScript error: https://cdn.ampproject.org/rtv/012002251816300/v0/amp-analytics-0.1.js, line 109: NS_ERROR_NOT_INITIALIZED: 
JavaScript error: https://cdn.ampproject.org/rtv/012002251816300/v0/amp-analytics-0.1.js, line 109: NS_ERROR_NOT_INITIALIZED: 
JavaScript error: resource:///actors/ContentMetaChild.jsm, line 167: InvalidStateError: An attempt was made to use an object that is not, or is no longer, usable
JavaScript error: resource:///actors/ContentMetaChild.jsm, line 167: InvalidStateError: An attempt was made to use an object that is not, or is no longer, usable
1584204188029	Marionette	INFO	Stopped listening on port 52441
1584204196736	mozrunner::runner	INFO	Running command: "/Applications/Firefox.app/Contents/MacOS/firefox-bin" "-marionette" "-headless" "-foreground" "-no-remote" "-profile" "/var/folders/ks/h8sfstk57ps3yhykcjlhhmlr0000gn/T/rust_mozprofiletLBlah"
*** You are running in headless mode.
1584204197283	addons.webextension.doh-rollout@mozilla.org	WARN	Loading extension 'doh-rollout@mozilla.org': Reading manifest: Invalid extension permission: networkStatus
1584204197693	addons.webextension.screenshots@mozilla.org	WARN	Loading extension 'screenshots@mozilla.org': Reading manifest: Invalid extension permission: mozillaAddons
1584204197693	addons.webextension.screenshots@mozilla.org	WARN	Loading extension 'screenshots@mozilla.org': Reading manifest: Invalid extension permission: telemetry
1584204197693	addons.webextension.screenshots@mozilla.org	WARN	Loading extension 'screenshots@mozilla.org': Reading manifest: Invalid extension permission: resource://pdf.js/
1584204197694	addons.webextension.screenshots@mozilla.org	WARN	Loading extension 'screenshots@mozilla.org': Reading manifest: Invalid extension permission: about:reader*
1584204199299	Marionette	INFO	Listening on port 52574
1584204199382	Marionette	WARN	TLS certificate errors will be ignored for this session
JavaScript error: https://player.daznservices.com/eplayer/assets/urls.json, line 1: SyntaxError: unexpected token: ':'
JavaScript error: https://widgets.outbrain.com/widgetOBUserSync/obUserSync.html#pid=38895&dmpenabled=false&filterDMP=&csenabled=true&d=7N_ktUsmE5UXREBCKAKDyaLDwYLeNgQ5MimGTRLJJHjL6DUI5xKX-cykFOZOEaph&gdpr=0&cmpNeeded=false, line 2: SecurityError: The operation is insecure.
JavaScript error: https://player.daznservices.com/eplayer/assets/urls.json, line 1: SyntaxError: unexpected token: ':'
Exiting due to channel error.
Exiting due to channel error.
[GFX1-]: Receive IPC close with reason=AbnormalShutdown
Exiting due to channel error.
1584204555350	mozrunner::runner	INFO	Running command: "/Applications/Firefox.app/Contents/MacOS/firefox-bin" "-marionette" "-headless" "-foreground" "-no-remote" "-profile" "/var/folders/ks/h8sfstk57ps3yhykcjlhhmlr0000gn/T/rust_mozprofileLTwfAc"
*** You are running in headless mode.
1584204555742	addons.webextension.doh-rollout@mozilla.org	WARN	Loading extension 'doh-rollout@mozilla.org': Reading manifest: Invalid extension permission: networkStatus
1584204556003	addons.webextension.screenshots@mozilla.org	WARN	Loading extension 'screenshots@mozilla.org': Reading manifest: Invalid extension permission: mozillaAddons
1584204556004	addons.webextension.screenshots@mozilla.org	WARN	Loading extension 'screenshots@mozilla.org': Reading manifest: Invalid extension permission: telemetry
1584204556004	addons.webextension.screenshots@mozilla.org	WARN	Loading extension 'screenshots@mozilla.org': Reading manifest: Invalid extension permission: resource://pdf.js/
1584204556004	addons.webextension.screenshots@mozilla.org	WARN	Loading extension 'screenshots@mozilla.org': Reading manifest: Invalid extension permission: about:reader*
1584204557693	Marionette	INFO	Listening on port 52819
1584204557789	Marionette	WARN	TLS certificate errors will be ignored for this session
JavaScript error: resource:///actors/ContentMetaChild.jsm, line 167: InvalidStateError: An attempt was made to use an object that is not, or is no longer, usable
1584204571379	Marionette	INFO	Stopped listening on port 52819
1584204579130	mozrunner::runner	INFO	Running command: "/Applications/Firefox.app/Contents/MacOS/firefox-bin" "-marionette" "-headless" "-foreground" "-no-remote" "-profile" "/var/folders/ks/h8sfstk57ps3yhykcjlhhmlr0000gn/T/rust_mozprofilefSNRJz"
*** You are running in headless mode.
1584204579758	addons.webextension.doh-rollout@mozilla.org	WARN	Loading extension 'doh-rollout@mozilla.org': Reading manifest: Invalid extension permission: networkStatus
1584204580013	addons.webextension.screenshots@mozilla.org	WARN	Loading extension 'screenshots@mozilla.org': Reading manifest: Invalid extension permission: mozillaAddons
1584204580013	addons.webextension.screenshots@mozilla.org	WARN	Loading extension 'screenshots@mozilla.org': Reading manifest: Invalid extension permission: telemetry
1584204580013	addons.webextension.screenshots@mozilla.org	WARN	Loading extension 'screenshots@mozilla.org': Reading manifest: Invalid extension permission: resource://pdf.js/
1584204580013	addons.webextension.screenshots@mozilla.org	WARN	Loading extension 'screenshots@mozilla.org': Reading manifest: Invalid extension permission: about:reader*
1584204582125	Marionette	INFO	Listening on port 52944
1584204582197	Marionette	WARN	TLS certificate errors will be ignored for this session
JavaScript error: https://player.daznservices.com/eplayer/assets/urls.json, line 1: SyntaxError: unexpected token: ':'
JavaScript error: , line 0: uncaught exception: 7
JavaScript error: https://widgets.outbrain.com/widgetOBUserSync/obUserSync.html#pid=38895&dmpenabled=false&filterDMP=&csenabled=true&d=wVfNJBB3Fh55T5ZleAy_B1i3SI2ZcdmZ6WrY4iVMOZ4wlhidX-WdYkKkIGkDrJHS&gdpr=0&cmpNeeded=false, line 2: SecurityError: The operation is insecure.
JavaScript error: https://player.daznservices.com/eplayer/assets/urls.json, line 1: SyntaxError: unexpected token: ':'
[GFX1-]: Receive IPC close with reason=AbnormalShutdown
Exiting due to channel error.
Exiting due to channel error.
[GFX1-]: Receive IPC close with reason=AbnormalShutdown
Exiting due to channel error.
1584204666696	mozrunner::runner	INFO	Running command: "/Applications/Firefox.app/Contents/MacOS/firefox-bin" "-marionette" "-headless" "-foreground" "-no-remote" "-profile" "/var/folders/ks/h8sfstk57ps3yhykcjlhhmlr0000gn/T/rust_mozprofilexjxUlS"
*** You are running in headless mode.
1584204667054	addons.webextension.doh-rollout@mozilla.org	WARN	Loading extension 'doh-rollout@mozilla.org': Reading manifest: Invalid extension permission: networkStatus
1584204667311	addons.webextension.screenshots@mozilla.org	WARN	Loading extension 'screenshots@mozilla.org': Reading manifest: Invalid extension permission: mozillaAddons
1584204667311	addons.webextension.screenshots@mozilla.org	WARN	Loading extension 'screenshots@mozilla.org': Reading manifest: Invalid extension permission: telemetry
1584204667311	addons.webextension.screenshots@mozilla.org	WARN	Loading extension 'screenshots@mozilla.org': Reading manifest: Invalid extension permission: resource://pdf.js/
1584204667312	addons.webextension.screenshots@mozilla.org	WARN	Loading extension 'screenshots@mozilla.org': Reading manifest: Invalid extension permission: about:reader*
1584204668805	Marionette	INFO	Listening on port 53164
1584204668838	Marionette	WARN	TLS certificate errors will be ignored for this session
JavaScript error: https://player.daznservices.com/eplayer/assets/urls.json, line 1: SyntaxError: unexpected token: ':'
JavaScript error: resource:///actors/ContentMetaChild.jsm, line 167: InvalidStateError: An attempt was made to use an object that is not, or is no longer, usable
JavaScript error: https://player.daznservices.com/eplayer/assets/urls.json, line 1: SyntaxError: unexpected token: ':'
JavaScript error: , line 0: TypeError: NetworkError when attempting to fetch resource.
JavaScript error: https://player.daznservices.com/eplayer/assets/urls.json, line 1: SyntaxError: unexpected token: ':'
JavaScript error: , line 0: uncaught exception: undefined
JavaScript error: resource:///actors/ContentMetaChild.jsm, line 167: InvalidStateError: An attempt was made to use an object that is not, or is no longer, usable
1584204742691	Marionette	INFO	Stopped listening on port 53164

###!!! [Child][RunMessage] Error: Channel closing: too late to send/recv, messages will be lost


###!!! [Child][RunMessage] Error: Channel closing: too late to send/recv, messages will be lost


###!!! [Child][RunMessage] Error: Channel closing: too late to send/recv, messages will be lost

1584226212026	mozrunner::runner	INFO	Running command: "/Applications/Firefox.app/Contents/MacOS/firefox-bin" "-marionette" "-headless" "-foreground" "-no-remote" "-profile" "/var/folders/ks/h8sfstk57ps3yhykcjlhhmlr0000gn/T/rust_mozprofileHFIyk4"
*** You are running in headless mode.
1584226212888	addons.webextension.doh-rollout@mozilla.org	WARN	Loading extension 'doh-rollout@mozilla.org': Reading manifest: Invalid extension permission: networkStatus
1584226213169	addons.webextension.screenshots@mozilla.org	WARN	Loading extension 'screenshots@mozilla.org': Reading manifest: Invalid extension permission: mozillaAddons
1584226213169	addons.webextension.screenshots@mozilla.org	WARN	Loading extension 'screenshots@mozilla.org': Reading manifest: Invalid extension permission: telemetry
1584226213169	addons.webextension.screenshots@mozilla.org	WARN	Loading extension 'screenshots@mozilla.org': Reading manifest: Invalid extension permission: resource://pdf.js/
1584226213169	addons.webextension.screenshots@mozilla.org	WARN	Loading extension 'screenshots@mozilla.org': Reading manifest: Invalid extension permission: about:reader*
1584226215334	Marionette	INFO	Listening on port 63360
1584226215386	Marionette	WARN	TLS certificate errors will be ignored for this session
[GFX1-]: Receive IPC close with reason=AbnormalShutdown
[GFX1-]: Receive IPC close with reason=AbnormalShutdown
Exiting due to channel error.
Exiting due to channel error.
Exiting due to channel error.
1584227075615	mozrunner::runner	INFO	Running command: "/Applications/Firefox.app/Contents/MacOS/firefox-bin" "-marionette" "-headless" "-foreground" "-no-remote" "-profile" "/var/folders/ks/h8sfstk57ps3yhykcjlhhmlr0000gn/T/rust_mozprofileRQJnLe"
*** You are running in headless mode.
1584227076134	addons.webextension.doh-rollout@mozilla.org	WARN	Loading extension 'doh-rollout@mozilla.org': Reading manifest: Invalid extension permission: networkStatus
1584227076414	addons.webextension.screenshots@mozilla.org	WARN	Loading extension 'screenshots@mozilla.org': Reading manifest: Invalid extension permission: mozillaAddons
1584227076414	addons.webextension.screenshots@mozilla.org	WARN	Loading extension 'screenshots@mozilla.org': Reading manifest: Invalid extension permission: telemetry
1584227076414	addons.webextension.screenshots@mozilla.org	WARN	Loading extension 'screenshots@mozilla.org': Reading manifest: Invalid extension permission: resource://pdf.js/
1584227076414	addons.webextension.screenshots@mozilla.org	WARN	Loading extension 'screenshots@mozilla.org': Reading manifest: Invalid extension permission: about:reader*
1584227078451	Marionette	INFO	Listening on port 63500
1584227078490	Marionette	WARN	TLS certificate errors will be ignored for this session
JavaScript error: https://player.daznservices.com/eplayer/assets/urls.json, line 1: SyntaxError: unexpected token: ':'
JavaScript error: https://widgets.outbrain.com/widgetOBUserSync/obUserSync.html#pid=38895&dmpenabled=false&filterDMP=&csenabled=true&d=bgmf1cPFLRd-RzQN0yQuvdcefCMsUhdA1xkBE1rTsN9Tun4U-AwPqKfBiDnmDw0s&gdpr=0&cmpNeeded=false, line 2: SecurityError: The operation is insecure.
JavaScript error: https://player.daznservices.com/eplayer/assets/urls.json, line 1: SyntaxError: unexpected token: ':'
JavaScript error: https://widgets.outbrain.com/widgetOBUserSync/obUserSync.html#pid=38895&dmpenabled=false&filterDMP=&csenabled=true&d=bgmf1cPFLRd-RzQN0yQuvdcefCMsUhdA1xkBE1rTsN9Tun4U-AwPqKfBiDnmDw0s&gdpr=0&cmpNeeded=false, line 2: SecurityError: The operation is insecure.
JavaScript error: https://player.daznservices.com/eplayer/assets/urls.json, line 1: SyntaxError: unexpected token: ':'
JavaScript error: https://widgets.outbrain.com/widgetOBUserSync/obUserSync.html#pid=38895&dmpenabled=false&filterDMP=&csenabled=true&d=bgmf1cPFLRd-RzQN0yQuvdcefCMsUhdA1xkBE1rTsN9Tun4U-AwPqKfBiDnmDw0s&gdpr=0&cmpNeeded=false, line 2: SecurityError: The operation is insecure.
1584227104243	Marionette	INFO	Stopped listening on port 63500
1584227396632	mozrunner::runner	INFO	Running command: "/Applications/Firefox.app/Contents/MacOS/firefox-bin" "-marionette" "-headless" "-foreground" "-no-remote" "-profile" "/var/folders/ks/h8sfstk57ps3yhykcjlhhmlr0000gn/T/rust_mozprofile11o6n6"
*** You are running in headless mode.
1584227397004	addons.webextension.doh-rollout@mozilla.org	WARN	Loading extension 'doh-rollout@mozilla.org': Reading manifest: Invalid extension permission: networkStatus
1584227397255	addons.webextension.screenshots@mozilla.org	WARN	Loading extension 'screenshots@mozilla.org': Reading manifest: Invalid extension permission: mozillaAddons
1584227397256	addons.webextension.screenshots@mozilla.org	WARN	Loading extension 'screenshots@mozilla.org': Reading manifest: Invalid extension permission: telemetry
1584227397256	addons.webextension.screenshots@mozilla.org	WARN	Loading extension 'screenshots@mozilla.org': Reading manifest: Invalid extension permission: resource://pdf.js/
1584227397256	addons.webextension.screenshots@mozilla.org	WARN	Loading extension 'screenshots@mozilla.org': Reading manifest: Invalid extension permission: about:reader*
1584227398771	Marionette	INFO	Listening on port 63730
1584227398880	Marionette	WARN	TLS certificate errors will be ignored for this session
JavaScript error: https://tpc.googlesyndication.com/pagead/js/r20200305/r20110914/client/qs_click_protection_fy2019.js, line 11: NS_ERROR_NOT_INITIALIZED: 
[GFX1-]: Receive IPC close with reason=AbnormalShutdown
Exiting due to channel error.
[GFX1-]: Receive IPC close with reason=AbnormalShutdown
Exiting due to channel error.
[GFX1-]: Receive IPC close with reason=AbnormalShutdown
Exiting due to channel error.
1584227416825	mozrunner::runner	INFO	Running command: "/Applications/Firefox.app/Contents/MacOS/firefox-bin" "-marionette" "-headless" "-foreground" "-no-remote" "-profile" "/var/folders/ks/h8sfstk57ps3yhykcjlhhmlr0000gn/T/rust_mozprofileHjnih0"
*** You are running in headless mode.
1584227417179	addons.webextension.doh-rollout@mozilla.org	WARN	Loading extension 'doh-rollout@mozilla.org': Reading manifest: Invalid extension permission: networkStatus
1584227417431	addons.webextension.screenshots@mozilla.org	WARN	Loading extension 'screenshots@mozilla.org': Reading manifest: Invalid extension permission: mozillaAddons
1584227417431	addons.webextension.screenshots@mozilla.org	WARN	Loading extension 'screenshots@mozilla.org': Reading manifest: Invalid extension permission: telemetry
1584227417431	addons.webextension.screenshots@mozilla.org	WARN	Loading extension 'screenshots@mozilla.org': Reading manifest: Invalid extension permission: resource://pdf.js/
1584227417431	addons.webextension.screenshots@mozilla.org	WARN	Loading extension 'screenshots@mozilla.org': Reading manifest: Invalid extension permission: about:reader*
1584227418894	Marionette	INFO	Listening on port 63811
1584227418957	Marionette	WARN	TLS certificate errors will be ignored for this session
JavaScript error: https://player.daznservices.com/eplayer/assets/urls.json, line 1: SyntaxError: unexpected token: ':'
JavaScript error: , line 0: uncaught exception: undefined
JavaScript error: https://widgets.outbrain.com/widgetOBUserSync/obUserSync.html#pid=38895&dmpenabled=false&filterDMP=&csenabled=true&d=btQ3RyPY60miCTURLyxfoOKsFe8-Hr6Aqejjn2EHSzqNlTUmq4D9pR7vPGDNqXO7&gdpr=0&cmpNeeded=false, line 2: SecurityError: The operation is insecure.
JavaScript error: https://player.daznservices.com/eplayer/assets/urls.json, line 1: SyntaxError: unexpected token: ':'
JavaScript error: , line 0: TypeError: NetworkError when attempting to fetch resource.
JavaScript error: https://widgets.outbrain.com/widgetOBUserSync/obUserSync.html#pid=38895&dmpenabled=false&filterDMP=&csenabled=true&d=btQ3RyPY60miCTURLyxfoOKsFe8-Hr6Aqejjn2EHSzqNlTUmq4D9pR7vPGDNqXO7&gdpr=0&cmpNeeded=false, line 2: SecurityError: The operation is insecure.
JavaScript error: https://player.daznservices.com/eplayer/assets/urls.json, line 1: SyntaxError: unexpected token: ':'
JavaScript error: resource:///actors/ContentMetaChild.jsm, line 167: InvalidStateError: An attempt was made to use an object that is not, or is no longer, usable
1584227491172	Marionette	INFO	Stopped listening on port 63811
1584282340552	mozrunner::runner	INFO	Running command: "/Applications/Firefox.app/Contents/MacOS/firefox-bin" "-marionette" "-headless" "-foreground" "-no-remote" "-profile" "/var/folders/ks/h8sfstk57ps3yhykcjlhhmlr0000gn/T/rust_mozprofilea02Mp2"
*** You are running in headless mode.
1584282341190	addons.webextension.doh-rollout@mozilla.org	WARN	Loading extension 'doh-rollout@mozilla.org': Reading manifest: Invalid extension permission: networkStatus
1584282341511	addons.webextension.screenshots@mozilla.org	WARN	Loading extension 'screenshots@mozilla.org': Reading manifest: Invalid extension permission: mozillaAddons
1584282341511	addons.webextension.screenshots@mozilla.org	WARN	Loading extension 'screenshots@mozilla.org': Reading manifest: Invalid extension permission: telemetry
1584282341511	addons.webextension.screenshots@mozilla.org	WARN	Loading extension 'screenshots@mozilla.org': Reading manifest: Invalid extension permission: resource://pdf.js/
1584282341512	addons.webextension.screenshots@mozilla.org	WARN	Loading extension 'screenshots@mozilla.org': Reading manifest: Invalid extension permission: about:reader*
1584282343477	Marionette	INFO	Listening on port 60279
1584282343518	Marionette	WARN	TLS certificate errors will be ignored for this session
JavaScript error: https://player.daznservices.com/eplayer/assets/urls.json, line 1: SyntaxError: unexpected token: ':'
JavaScript error: https://cdn.ampproject.org/rtv/012002251816300/v0/amp-analytics-0.1.js, line 109: NS_ERROR_NOT_INITIALIZED: 
Exiting due to channel error.
[GFX1-]: Receive IPC close with reason=AbnormalShutdown
Exiting due to channel error.
Exiting due to channel error.
1584282543706	mozrunner::runner	INFO	Running command: "/Applications/Firefox.app/Contents/MacOS/firefox-bin" "-marionette" "-headless" "-foreground" "-no-remote" "-profile" "/var/folders/ks/h8sfstk57ps3yhykcjlhhmlr0000gn/T/rust_mozprofile0wfxFZ"
*** You are running in headless mode.
1584282544398	addons.webextension.doh-rollout@mozilla.org	WARN	Loading extension 'doh-rollout@mozilla.org': Reading manifest: Invalid extension permission: networkStatus
1584282544709	addons.webextension.screenshots@mozilla.org	WARN	Loading extension 'screenshots@mozilla.org': Reading manifest: Invalid extension permission: mozillaAddons
1584282544709	addons.webextension.screenshots@mozilla.org	WARN	Loading extension 'screenshots@mozilla.org': Reading manifest: Invalid extension permission: telemetry
1584282544709	addons.webextension.screenshots@mozilla.org	WARN	Loading extension 'screenshots@mozilla.org': Reading manifest: Invalid extension permission: resource://pdf.js/
1584282544709	addons.webextension.screenshots@mozilla.org	WARN	Loading extension 'screenshots@mozilla.org': Reading manifest: Invalid extension permission: about:reader*
1584282547160	Marionette	INFO	Listening on port 60503
1584282547260	Marionette	WARN	TLS certificate errors will be ignored for this session
JavaScript error: https://player.daznservices.com/eplayer/assets/urls.json, line 1: SyntaxError: unexpected token: ':'
JavaScript error: https://widgets.outbrain.com/widgetOBUserSync/obUserSync.html#pid=38895&dmpenabled=false&filterDMP=&csenabled=true&d=bsmLGgiqnAEgRNECrVO8WQEHhD_W322g3diJoEtv9YcNDfEnihmQdWlBEfX6Ek0E&gdpr=0&cmpNeeded=false, line 2: SecurityError: The operation is insecure.
JavaScript error: https://player.daznservices.com/eplayer/assets/urls.json, line 1: SyntaxError: unexpected token: ':'
JavaScript error: , line 0: TypeError: NetworkError when attempting to fetch resource.
Exiting due to channel error.
[GFX1-]: Receive IPC close with reason=AbnormalShutdown
Exiting due to channel error.
Exiting due to channel error.
1584283278892	mozrunner::runner	INFO	Running command: "/Applications/Firefox.app/Contents/MacOS/firefox-bin" "-marionette" "-headless" "-foreground" "-no-remote" "-profile" "/var/folders/ks/h8sfstk57ps3yhykcjlhhmlr0000gn/T/rust_mozprofileQkuW4w"
*** You are running in headless mode.
1584283279700	addons.webextension.doh-rollout@mozilla.org	WARN	Loading extension 'doh-rollout@mozilla.org': Reading manifest: Invalid extension permission: networkStatus
1584283279999	addons.webextension.screenshots@mozilla.org	WARN	Loading extension 'screenshots@mozilla.org': Reading manifest: Invalid extension permission: mozillaAddons
1584283279999	addons.webextension.screenshots@mozilla.org	WARN	Loading extension 'screenshots@mozilla.org': Reading manifest: Invalid extension permission: telemetry
1584283280000	addons.webextension.screenshots@mozilla.org	WARN	Loading extension 'screenshots@mozilla.org': Reading manifest: Invalid extension permission: resource://pdf.js/
1584283280000	addons.webextension.screenshots@mozilla.org	WARN	Loading extension 'screenshots@mozilla.org': Reading manifest: Invalid extension permission: about:reader*
1584283281968	Marionette	INFO	Listening on port 60819
1584283282067	Marionette	WARN	TLS certificate errors will be ignored for this session
JavaScript error: https://player.daznservices.com/eplayer/assets/urls.json, line 1: SyntaxError: unexpected token: ':'
JavaScript error: https://tpc.googlesyndication.com/safeframe/1-0-37/html/container.html, line 1: ReferenceError: buildAttribution is not defined
JavaScript error: https://player.daznservices.com/eplayer/assets/urls.json, line 1: SyntaxError: unexpected token: ':'
JavaScript error: https://player.daznservices.com/eplayer/assets/urls.json, line 1: SyntaxError: unexpected token: ':'
1584283363222	Marionette	INFO	Stopped listening on port 60819
1584283427040	mozrunner::runner	INFO	Running command: "/Applications/Firefox.app/Contents/MacOS/firefox-bin" "-marionette" "-headless" "-foreground" "-no-remote" "-profile" "/var/folders/ks/h8sfstk57ps3yhykcjlhhmlr0000gn/T/rust_mozprofile5UFiK0"
*** You are running in headless mode.
1584283427449	addons.webextension.doh-rollout@mozilla.org	WARN	Loading extension 'doh-rollout@mozilla.org': Reading manifest: Invalid extension permission: networkStatus
1584283427746	addons.webextension.screenshots@mozilla.org	WARN	Loading extension 'screenshots@mozilla.org': Reading manifest: Invalid extension permission: mozillaAddons
1584283427746	addons.webextension.screenshots@mozilla.org	WARN	Loading extension 'screenshots@mozilla.org': Reading manifest: Invalid extension permission: telemetry
1584283427746	addons.webextension.screenshots@mozilla.org	WARN	Loading extension 'screenshots@mozilla.org': Reading manifest: Invalid extension permission: resource://pdf.js/
1584283427746	addons.webextension.screenshots@mozilla.org	WARN	Loading extension 'screenshots@mozilla.org': Reading manifest: Invalid extension permission: about:reader*
Exiting due to channel error.
1584283438228	mozrunner::runner	INFO	Running command: "/Applications/Firefox.app/Contents/MacOS/firefox-bin" "-marionette" "-headless" "-foreground" "-no-remote" "-profile" "/var/folders/ks/h8sfstk57ps3yhykcjlhhmlr0000gn/T/rust_mozprofilebebkxH"
*** You are running in headless mode.
1584283438632	addons.webextension.doh-rollout@mozilla.org	WARN	Loading extension 'doh-rollout@mozilla.org': Reading manifest: Invalid extension permission: networkStatus
1584283438950	addons.webextension.screenshots@mozilla.org	WARN	Loading extension 'screenshots@mozilla.org': Reading manifest: Invalid extension permission: mozillaAddons
1584283438950	addons.webextension.screenshots@mozilla.org	WARN	Loading extension 'screenshots@mozilla.org': Reading manifest: Invalid extension permission: telemetry
1584283438950	addons.webextension.screenshots@mozilla.org	WARN	Loading extension 'screenshots@mozilla.org': Reading manifest: Invalid extension permission: resource://pdf.js/
1584283438950	addons.webextension.screenshots@mozilla.org	WARN	Loading extension 'screenshots@mozilla.org': Reading manifest: Invalid extension permission: about:reader*
1584283440677	Marionette	INFO	Listening on port 61085
1584283440984	Marionette	WARN	TLS certificate errors will be ignored for this session
JavaScript error: https://player.daznservices.com/eplayer/assets/urls.json, line 1: SyntaxError: unexpected token: ':'
JavaScript error: resource:///actors/ContentMetaChild.jsm, line 167: InvalidStateError: An attempt was made to use an object that is not, or is no longer, usable
JavaScript error: https://player.daznservices.com/eplayer/assets/urls.json, line 1: SyntaxError: unexpected token: ':'
JavaScript error: resource:///actors/ContentMetaChild.jsm, line 167: InvalidStateError: An attempt was made to use an object that is not, or is no longer, usable
1584283472896	Marionette	INFO	Stopped listening on port 61085
